<?xml version="1.0" encoding="UTF-8"?>
<!-- Generated by org.testng.reporters.JUnitReportReporter -->
<testsuite skipped="0" hostname="DEL01557" name="com.selenium.pagefactory.test.SearchTest" tests="2" failures="0" timestamp="2020-03-08T16:44:28 MEZ" time="6.813" errors="0">
  <testcase name="test_HomePage_FloorNum" time="2.436" classname="com.selenium.pagefactory.test.SearchTest"/>
  <system-out/>
  <testcase name="test_SearchFifthFloor" time="4.377" classname="com.selenium.pagefactory.test.SearchTest"/>
  <system-out/>
</testsuite> <!-- com.selenium.pagefactory.test.SearchTest -->
